<?xml version="1.0" encoding="UTF-8"?>
<!-- Generated by org.testng.reporters.JUnitXMLReporter -->
<testsuite ignored="0" hostname="USKOLIPPAL4" failures="0" tests="5" name="Default test" time="10.456" errors="0" timestamp="2025-08-23T20:54:00 IST">
  <testcase classname="com.qa.opencart.base.BaseTest" name="@BeforeTest setup" time="10.379">
    <failure type="com.microsoft.playwright.PlaywrightException" message="Error {
  message=&amp;apos;Protocol error (Page.navigate): Cannot navigate to invalid URL
  name=&amp;apos;Error
  stack=&amp;apos;Error: Protocol error (Page.navigate): Cannot navigate to invalid URL
    at C:\Users\ippal\AppData\Local\Temp\playwright-java-16525631459019799428\package\lib\server\chromium\crConnection.js:116:57
    at new Promise (&amp;lt;anonymous&amp;gt;)
    at CRSession.send (C:\Users\ippal\AppData\Local\Temp\playwright-java-16525631459019799428\package\lib\server\chromium\crConnection.js:115:12)
    at FrameSession._navigate (C:\Users\ippal\AppData\Local\Temp\playwright-java-16525631459019799428\package\lib\server\chromium\crPage.js:488:41)
    at CRPage.navigateFrame (C:\Users\ippal\AppData\Local\Temp\playwright-java-16525631459019799428\package\lib\server\chromium\crPage.js:138:41)
    at Frame._gotoAction (C:\Users\ippal\AppData\Local\Temp\playwright-java-16525631459019799428\package\lib\server\frames.js:518:54)
    at C:\Users\ippal\AppData\Local\Temp\playwright-java-16525631459019799428\package\lib\server\frames.js:500:76
    at Frame.raceNavigationAction (C:\Users\ippal\AppData\Local\Temp\playwright-java-16525631459019799428\package\lib\server\frames.js:476:8)
    at C:\Users\ippal\AppData\Local\Temp\playwright-java-16525631459019799428\package\lib\server\frames.js:500:19
    at ProgressController.run (C:\Users\ippal\AppData\Local\Temp\playwright-java-16525631459019799428\package\lib\server\progress.js:79:23)
}
Call log:
-   - navigating to &amp;quot;url&amp;quot;, waiting until &amp;quot;load&amp;quot;
">
      <![CDATA[com.microsoft.playwright.PlaywrightException: Error {
  message='Protocol error (Page.navigate): Cannot navigate to invalid URL
  name='Error
  stack='Error: Protocol error (Page.navigate): Cannot navigate to invalid URL
    at C:\Users\ippal\AppData\Local\Temp\playwright-java-16525631459019799428\package\lib\server\chromium\crConnection.js:116:57
    at new Promise (<anonymous>)
    at CRSession.send (C:\Users\ippal\AppData\Local\Temp\playwright-java-16525631459019799428\package\lib\server\chromium\crConnection.js:115:12)
    at FrameSession._navigate (C:\Users\ippal\AppData\Local\Temp\playwright-java-16525631459019799428\package\lib\server\chromium\crPage.js:488:41)
    at CRPage.navigateFrame (C:\Users\ippal\AppData\Local\Temp\playwright-java-16525631459019799428\package\lib\server\chromium\crPage.js:138:41)
    at Frame._gotoAction (C:\Users\ippal\AppData\Local\Temp\playwright-java-16525631459019799428\package\lib\server\frames.js:518:54)
    at C:\Users\ippal\AppData\Local\Temp\playwright-java-16525631459019799428\package\lib\server\frames.js:500:76
    at Frame.raceNavigationAction (C:\Users\ippal\AppData\Local\Temp\playwright-java-16525631459019799428\package\lib\server\frames.js:476:8)
    at C:\Users\ippal\AppData\Local\Temp\playwright-java-16525631459019799428\package\lib\server\frames.js:500:19
    at ProgressController.run (C:\Users\ippal\AppData\Local\Temp\playwright-java-16525631459019799428\package\lib\server\progress.js:79:23)
}
Call log:
-   - navigating to "url", waiting until "load"

at com.microsoft.playwright.impl.WaitableResult.get(WaitableResult.java:56)
at com.microsoft.playwright.impl.ChannelOwner.runUntil(ChannelOwner.java:138)
at com.microsoft.playwright.impl.Connection.sendMessage(Connection.java:131)
at com.microsoft.playwright.impl.ChannelOwner.sendMessage(ChannelOwner.java:124)
at com.microsoft.playwright.impl.FrameImpl.navigateImpl(FrameImpl.java:419)
at com.microsoft.playwright.impl.PageImpl.navigate(PageImpl.java:918)
at com.microsoft.playwright.impl.PageImpl.navigate(PageImpl.java:42)
at com.microsoft.playwright.Page.navigate(Page.java:5491)
at com.qa.opencart.factory.PlaywrightFactory.initBrowser(PlaywrightFactory.java:78)
at com.qa.opencart.base.BaseTest.setup(BaseTest.java:26)
at java.base/jdk.internal.reflect.DirectMethodHandleAccessor.invoke(DirectMethodHandleAccessor.java:104)
at java.base/java.lang.reflect.Method.invoke(Method.java:565)
at org.testng.internal.invokers.MethodInvocationHelper.invokeMethod(MethodInvocationHelper.java:141)
at org.testng.internal.invokers.MethodInvocationHelper.invokeMethodConsideringTimeout(MethodInvocationHelper.java:71)
at org.testng.internal.invokers.ConfigInvoker.invokeConfigurationMethod(ConfigInvoker.java:400)
at org.testng.internal.invokers.ConfigInvoker.invokeConfigurations(ConfigInvoker.java:333)
at org.testng.TestRunner.invokeTestConfigurations(TestRunner.java:657)
at org.testng.TestRunner.beforeRun(TestRunner.java:646)
at org.testng.TestRunner.run(TestRunner.java:612)
at org.testng.SuiteRunner.runTest(SuiteRunner.java:421)
at org.testng.SuiteRunner.runSequentially(SuiteRunner.java:413)
at org.testng.SuiteRunner.privateRun(SuiteRunner.java:373)
at org.testng.SuiteRunner.run(SuiteRunner.java:312)
at org.testng.SuiteRunnerWorker.runSuite(SuiteRunnerWorker.java:52)
at org.testng.SuiteRunnerWorker.run(SuiteRunnerWorker.java:95)
at org.testng.TestNG.runSuitesSequentially(TestNG.java:1274)
at org.testng.TestNG.runSuitesLocally(TestNG.java:1208)
at org.testng.TestNG.runSuites(TestNG.java:1112)
at org.testng.TestNG.run(TestNG.java:1079)
at org.testng.remote.AbstractRemoteTestNG.run(AbstractRemoteTestNG.java:115)
at org.testng.remote.RemoteTestNG.initAndRun(RemoteTestNG.java:293)
at org.testng.remote.RemoteTestNG.main(RemoteTestNG.java:91)
Caused by: com.microsoft.playwright.impl.DriverException: Error {
  message='Protocol error (Page.navigate): Cannot navigate to invalid URL
  name='Error
  stack='Error: Protocol error (Page.navigate): Cannot navigate to invalid URL
    at C:\Users\ippal\AppData\Local\Temp\playwright-java-16525631459019799428\package\lib\server\chromium\crConnection.js:116:57
    at new Promise (<anonymous>)
    at CRSession.send (C:\Users\ippal\AppData\Local\Temp\playwright-java-16525631459019799428\package\lib\server\chromium\crConnection.js:115:12)
    at FrameSession._navigate (C:\Users\ippal\AppData\Local\Temp\playwright-java-16525631459019799428\package\lib\server\chromium\crPage.js:488:41)
    at CRPage.navigateFrame (C:\Users\ippal\AppData\Local\Temp\playwright-java-16525631459019799428\package\lib\server\chromium\crPage.js:138:41)
    at Frame._gotoAction (C:\Users\ippal\AppData\Local\Temp\playwright-java-16525631459019799428\package\lib\server\frames.js:518:54)
    at C:\Users\ippal\AppData\Local\Temp\playwright-java-16525631459019799428\package\lib\server\frames.js:500:76
    at Frame.raceNavigationAction (C:\Users\ippal\AppData\Local\Temp\playwright-java-16525631459019799428\package\lib\server\frames.js:476:8)
    at C:\Users\ippal\AppData\Local\Temp\playwright-java-16525631459019799428\package\lib\server\frames.js:500:19
    at ProgressController.run (C:\Users\ippal\AppData\Local\Temp\playwright-java-16525631459019799428\package\lib\server\progress.js:79:23)
}
Call log:
-   - navigating to "url", waiting until "load"

at com.microsoft.playwright.impl.Connection.dispatch(Connection.java:262)
at com.microsoft.playwright.impl.Connection.processOneMessage(Connection.java:214)
at com.microsoft.playwright.impl.ChannelOwner.runUntil(ChannelOwner.java:136)
... 30 more
]]>
    </failure>
  </testcase> <!-- @BeforeTest setup -->
  <testcase classname="com.qa.opencart.test.HomePageTest" name="@AfterTest tearDown" time="0.0">
    <skipped/>
  </testcase> <!-- @AfterTest tearDown -->
  <testcase classname="com.qa.opencart.test.HomePageTest" name="HeaderTitleTest" time="0.0">
    <skipped/>
  </testcase> <!-- HeaderTitleTest -->
  <testcase classname="com.qa.opencart.test.HomePageTest" name="HeaderTitleTest" time="0.0">
    <skipped/>
  </testcase> <!-- HeaderTitleTest -->
  <testcase classname="com.qa.opencart.test.HomePageTest" name="HeaderTitleTest" time="0.0">
    <skipped/>
  </testcase> <!-- HeaderTitleTest -->
  <testcase classname="com.qa.opencart.test.HomePageTest" name="UrlTitleTest" time="0.0">
    <skipped/>
  </testcase> <!-- UrlTitleTest -->
  <testcase classname="com.qa.opencart.test.HomePageTest" name="homePageTitleTest" time="0.0">
    <skipped/>
  </testcase> <!-- homePageTitleTest -->
</testsuite> <!-- Default test -->
